[17/Jun/2025 13:19:38] INFO [django.utils.autoreload:667] Watching for file changes with StatReloader
[17/Jun/2025 13:19:39] INFO [django.server:213] "GET / HTTP/1.1" 200 4759
[17/Jun/2025 13:19:42] INFO [django.server:213] "GET /inbox/ HTTP/1.1" 302 0
[17/Jun/2025 13:19:42] INFO [django.server:213] "GET /?next=/inbox/ HTTP/1.1" 200 4766
[17/Jun/2025 13:19:47] INFO [django.server:213] "GET /admin/ HTTP/1.1" 302 0
[17/Jun/2025 13:19:47] INFO [django.server:213] "GET /admin/login/?next=/admin/ HTTP/1.1" 200 4252
[17/Jun/2025 13:19:57] INFO [django.server:81] - Broken pipe from ('127.0.0.1', 55541)
[17/Jun/2025 13:19:58] INFO [django.server:213] "POST /admin/login/?next=/admin/ HTTP/1.1" 302 0
[17/Jun/2025 13:19:58] INFO [django.server:213] "GET /admin/ HTTP/1.1" 200 8442
[17/Jun/2025 13:20:04] WARNING [django.security.csrf:248] Forbidden (CSRF token from POST incorrect.): /accounts/login/
[17/Jun/2025 13:20:04] WARNING [django.server:213] "POST /accounts/login/ HTTP/1.1" 403 2514
[17/Jun/2025 13:20:18] INFO [django.server:213] "GET / HTTP/1.1" 200 4759
[17/Jun/2025 13:20:25] INFO [django.server:213] "POST /accounts/login/ HTTP/1.1" 302 0
[17/Jun/2025 13:20:25] INFO [django.server:213] "GET /inbox/ HTTP/1.1" 200 4565
[17/Jun/2025 13:20:32] INFO [django.server:213] "GET /all-tickets/ HTTP/1.1" 200 4612
[17/Jun/2025 13:20:32] INFO [django.server:213] "GET /my-tickets/ HTTP/1.1" 200 4605
[17/Jun/2025 13:20:33] INFO [django.server:213] "GET /inbox/ HTTP/1.1" 200 4565
[17/Jun/2025 13:20:33] INFO [django.server:213] "GET /all-tickets/ HTTP/1.1" 200 4612
[17/Jun/2025 13:20:33] INFO [django.server:213] "GET /archive/ HTTP/1.1" 200 4560
[17/Jun/2025 13:20:34] INFO [django.server:213] "GET /my-tickets/ HTTP/1.1" 200 4605
[17/Jun/2025 13:20:34] INFO [django.server:213] "GET /inbox/ HTTP/1.1" 200 4565
[17/Jun/2025 13:20:41] INFO [django.server:213] "GET /admin/auth/user/add/ HTTP/1.1" 200 13452
[17/Jun/2025 13:20:41] INFO [django.server:213] "GET /admin/jsi18n/ HTTP/1.1" 200 8691
[17/Jun/2025 13:20:55] INFO [django.server:213] "POST /admin/auth/user/add/ HTTP/1.1" 302 0
[17/Jun/2025 13:20:55] INFO [django.server:213] "GET /admin/auth/user/add/ HTTP/1.1" 200 13694
[17/Jun/2025 13:20:55] INFO [django.server:213] "GET /admin/jsi18n/ HTTP/1.1" 200 8691
[17/Jun/2025 13:21:01] INFO [django.server:213] "POST /admin/auth/user/add/ HTTP/1.1" 200 13847
[17/Jun/2025 13:21:01] INFO [django.server:213] "GET /admin/jsi18n/ HTTP/1.1" 200 8691
[17/Jun/2025 13:21:09] INFO [django.server:213] "POST /admin/auth/user/add/ HTTP/1.1" 302 0
[17/Jun/2025 13:21:09] INFO [django.server:213] "GET /admin/auth/user/3/change/ HTTP/1.1" 200 24564
[17/Jun/2025 13:21:09] INFO [django.server:213] "GET /admin/jsi18n/ HTTP/1.1" 200 8691
[17/Jun/2025 13:21:24] INFO [django.server:213] "GET /inbox/ HTTP/1.1" 200 4565
[17/Jun/2025 13:21:25] INFO [django.server:213] "GET /inbox/ HTTP/1.1" 200 4565
[17/Jun/2025 13:21:27] INFO [django.server:213] "GET /ticket/new/ HTTP/1.1" 200 4304
[17/Jun/2025 13:21:35] INFO [django.utils.autoreload:265] C:\Users\David\Desktop\tickets\main\models.py changed, reloading.
[17/Jun/2025 13:21:36] INFO [django.utils.autoreload:667] Watching for file changes with StatReloader
[17/Jun/2025 13:21:39] INFO [django.utils.autoreload:265] C:\Users\David\Desktop\tickets\main\models.py changed, reloading.
[17/Jun/2025 13:21:40] INFO [django.utils.autoreload:667] Watching for file changes with StatReloader
[17/Jun/2025 13:21:42] INFO [django.utils.autoreload:265] C:\Users\David\Desktop\tickets\main\models.py changed, reloading.
[17/Jun/2025 13:21:42] INFO [django.utils.autoreload:667] Watching for file changes with StatReloader
[17/Jun/2025 13:22:04] INFO [django.utils.autoreload:265] C:\Users\David\Desktop\tickets\main\models.py changed, reloading.
[17/Jun/2025 13:22:05] INFO [django.utils.autoreload:667] Watching for file changes with StatReloader
[17/Jun/2025 13:22:08] INFO [django.utils.autoreload:265] C:\Users\David\Desktop\tickets\main\models.py changed, reloading.
[17/Jun/2025 13:22:09] INFO [django.utils.autoreload:667] Watching for file changes with StatReloader
[17/Jun/2025 13:22:11] INFO [django.utils.autoreload:265] C:\Users\David\Desktop\tickets\main\models.py changed, reloading.
[17/Jun/2025 13:22:11] INFO [django.utils.autoreload:667] Watching for file changes with StatReloader
[17/Jun/2025 13:23:22] INFO [django.utils.autoreload:265] C:\Users\David\Desktop\tickets\main\forms.py changed, reloading.
[17/Jun/2025 13:23:23] INFO [django.utils.autoreload:667] Watching for file changes with StatReloader
[17/Jun/2025 13:24:17] INFO [django.utils.autoreload:667] Watching for file changes with StatReloader
[17/Jun/2025 13:24:25] INFO [django.server:213] "GET /ticket/new/ HTTP/1.1" 200 4307
[17/Jun/2025 13:24:35] INFO [django.server:213] "GET /all-tickets/ HTTP/1.1" 200 4612
[17/Jun/2025 13:24:37] INFO [django.server:213] "GET /inbox/ HTTP/1.1" 200 4565
[17/Jun/2025 13:24:37] INFO [django.server:213] "GET /my-tickets/ HTTP/1.1" 200 4605
[17/Jun/2025 13:24:38] INFO [django.server:213] "GET /ticket/new/?next=/my-tickets/ HTTP/1.1" 200 4307
[17/Jun/2025 13:24:49] INFO [django.server:213] "POST /ticket/new/ HTTP/1.1" 302 0
[17/Jun/2025 13:24:49] INFO [django.server:213] "GET /inbox/ HTTP/1.1" 200 4752
[17/Jun/2025 13:24:55] INFO [django.server:213] "GET /all-tickets/ HTTP/1.1" 200 5053
[17/Jun/2025 13:24:59] INFO [django.server:213] "GET /ticket/1/ HTTP/1.1" 200 5876
[17/Jun/2025 13:25:09] INFO [django.server:213] "GET /ticket/edit/1/ HTTP/1.1" 200 5913
[17/Jun/2025 13:26:40] INFO [django.utils.autoreload:265] C:\Users\David\Desktop\tickets\main\models.py changed, reloading.
[17/Jun/2025 13:26:41] INFO [django.utils.autoreload:667] Watching for file changes with StatReloader
[17/Jun/2025 13:26:44] INFO [django.utils.autoreload:265] C:\Users\David\Desktop\tickets\main\models.py changed, reloading.
[17/Jun/2025 13:26:45] INFO [django.utils.autoreload:667] Watching for file changes with StatReloader
[17/Jun/2025 13:26:49] INFO [django.utils.autoreload:265] C:\Users\David\Desktop\tickets\main\models.py changed, reloading.
[17/Jun/2025 13:26:49] INFO [django.utils.autoreload:667] Watching for file changes with StatReloader
[17/Jun/2025 13:26:51] INFO [django.utils.autoreload:265] C:\Users\David\Desktop\tickets\main\models.py changed, reloading.
[17/Jun/2025 13:26:52] INFO [django.utils.autoreload:667] Watching for file changes with StatReloader
[17/Jun/2025 13:27:12] INFO [django.utils.autoreload:265] C:\Users\David\Desktop\tickets\main\models.py changed, reloading.
[17/Jun/2025 13:27:12] INFO [django.utils.autoreload:667] Watching for file changes with StatReloader
[17/Jun/2025 13:27:16] INFO [django.utils.autoreload:265] C:\Users\David\Desktop\tickets\main\models.py changed, reloading.
[17/Jun/2025 13:27:17] INFO [django.utils.autoreload:667] Watching for file changes with StatReloader
[17/Jun/2025 13:27:19] INFO [django.utils.autoreload:265] C:\Users\David\Desktop\tickets\main\models.py changed, reloading.
[17/Jun/2025 13:27:20] INFO [django.utils.autoreload:667] Watching for file changes with StatReloader
[17/Jun/2025 13:27:20] INFO [django.server:213] "GET /ticket/edit/1/ HTTP/1.1" 200 5869
[17/Jun/2025 13:27:31] INFO [django.utils.autoreload:265] C:\Users\David\Desktop\tickets\main\models.py changed, reloading.
[17/Jun/2025 13:27:32] INFO [django.utils.autoreload:667] Watching for file changes with StatReloader
[17/Jun/2025 13:27:33] INFO [django.server:213] "GET /ticket/edit/1/ HTTP/1.1" 200 5872
[17/Jun/2025 13:27:36] INFO [django.server:213] "GET /ticket/edit/1/ HTTP/1.1" 200 5872
[17/Jun/2025 13:27:46] INFO [django.utils.autoreload:265] C:\Users\David\Desktop\tickets\main\models.py changed, reloading.
[17/Jun/2025 13:27:47] INFO [django.utils.autoreload:667] Watching for file changes with StatReloader
[17/Jun/2025 13:27:47] INFO [django.server:213] "GET /ticket/edit/1/ HTTP/1.1" 200 5872
[17/Jun/2025 13:27:55] INFO [django.utils.autoreload:265] C:\Users\David\Desktop\tickets\main\models.py changed, reloading.
[17/Jun/2025 13:27:56] INFO [django.utils.autoreload:667] Watching for file changes with StatReloader
[17/Jun/2025 13:28:25] INFO [django.utils.autoreload:265] C:\Users\David\Desktop\tickets\main\models.py changed, reloading.
[17/Jun/2025 13:28:26] INFO [django.utils.autoreload:667] Watching for file changes with StatReloader
[17/Jun/2025 13:28:28] INFO [django.utils.autoreload:265] C:\Users\David\Desktop\tickets\main\models.py changed, reloading.
[17/Jun/2025 13:28:29] INFO [django.utils.autoreload:667] Watching for file changes with StatReloader
[17/Jun/2025 13:28:30] INFO [django.server:213] "GET /ticket/edit/1/ HTTP/1.1" 200 5869
[17/Jun/2025 13:28:34] INFO [django.server:213] "POST /ticket/edit/1/ HTTP/1.1" 302 0
[17/Jun/2025 13:28:34] INFO [django.server:213] "GET /inbox/ HTTP/1.1" 200 4565
[17/Jun/2025 13:28:39] INFO [django.server:213] "GET /all-tickets/ HTTP/1.1" 200 5056
[17/Jun/2025 13:28:43] INFO [django.server:213] "GET /ticket/1/ HTTP/1.1" 200 5882
[17/Jun/2025 13:28:47] INFO [django.server:213] "GET /followup/new/?ticket=1 HTTP/1.1" 200 4996
[17/Jun/2025 13:29:11] INFO [django.utils.autoreload:265] C:\Users\David\Desktop\tickets\main\models.py changed, reloading.
[17/Jun/2025 13:29:11] INFO [django.utils.autoreload:667] Watching for file changes with StatReloader
[17/Jun/2025 13:29:14] INFO [django.utils.autoreload:265] C:\Users\David\Desktop\tickets\main\models.py changed, reloading.
[17/Jun/2025 13:29:15] INFO [django.utils.autoreload:667] Watching for file changes with StatReloader
[17/Jun/2025 13:29:18] INFO [django.utils.autoreload:265] C:\Users\David\Desktop\tickets\main\models.py changed, reloading.
[17/Jun/2025 13:29:19] INFO [django.utils.autoreload:667] Watching for file changes with StatReloader
[17/Jun/2025 13:29:25] INFO [django.utils.autoreload:265] C:\Users\David\Desktop\tickets\main\models.py changed, reloading.
[17/Jun/2025 13:29:25] INFO [django.utils.autoreload:667] Watching for file changes with StatReloader
[17/Jun/2025 13:29:26] INFO [django.server:213] "GET /followup/new/?ticket=1 HTTP/1.1" 200 4998
[17/Jun/2025 13:29:32] INFO [django.utils.autoreload:265] C:\Users\David\Desktop\tickets\main\models.py changed, reloading.
[17/Jun/2025 13:29:33] INFO [django.utils.autoreload:667] Watching for file changes with StatReloader
[17/Jun/2025 13:29:36] INFO [django.utils.autoreload:265] C:\Users\David\Desktop\tickets\main\models.py changed, reloading.
[17/Jun/2025 13:29:37] INFO [django.utils.autoreload:667] Watching for file changes with StatReloader
[17/Jun/2025 13:29:43] INFO [django.utils.autoreload:265] C:\Users\David\Desktop\tickets\main\models.py changed, reloading.
[17/Jun/2025 13:29:43] INFO [django.utils.autoreload:667] Watching for file changes with StatReloader
[17/Jun/2025 13:29:52] INFO [django.utils.autoreload:265] C:\Users\David\Desktop\tickets\main\models.py changed, reloading.
[17/Jun/2025 13:29:53] INFO [django.utils.autoreload:667] Watching for file changes with StatReloader
[17/Jun/2025 13:29:54] INFO [django.server:213] "GET /followup/new/?ticket=1 HTTP/1.1" 200 5001
[17/Jun/2025 13:30:06] INFO [django.server:213] "POST /followup/new/ HTTP/1.1" 302 0
[17/Jun/2025 13:30:06] INFO [django.server:213] "GET /inbox/ HTTP/1.1" 200 4565
[17/Jun/2025 13:30:08] INFO [django.server:213] "GET /all-tickets/ HTTP/1.1" 200 5056
[17/Jun/2025 13:30:08] INFO [django.server:213] "GET /all-tickets/ HTTP/1.1" 200 5056
[17/Jun/2025 13:30:10] INFO [django.server:213] "GET /ticket/1/ HTTP/1.1" 200 6599
[17/Jun/2025 13:30:24] INFO [django.utils.autoreload:265] C:\Users\David\Desktop\tickets\main\models.py changed, reloading.
[17/Jun/2025 13:30:24] INFO [django.utils.autoreload:667] Watching for file changes with StatReloader
[17/Jun/2025 13:30:27] INFO [django.server:213] "GET /attachment/new/?ticket=1 HTTP/1.1" 200 3943
[17/Jun/2025 13:30:49] INFO [django.utils.autoreload:265] C:\Users\David\Desktop\tickets\main\models.py changed, reloading.
[17/Jun/2025 13:30:49] INFO [django.utils.autoreload:667] Watching for file changes with StatReloader
[17/Jun/2025 13:30:52] INFO [django.server:213] "POST /attachment/new/?ticket=1 HTTP/1.1" 302 0
[17/Jun/2025 13:30:52] INFO [django.server:213] "GET /inbox/ HTTP/1.1" 200 4565
[17/Jun/2025 13:30:54] INFO [django.server:213] "GET /all-tickets/ HTTP/1.1" 200 5056
[17/Jun/2025 13:30:55] INFO [django.server:213] "GET /ticket/1/ HTTP/1.1" 200 6839
[17/Jun/2025 13:30:56] INFO [django.server:213] "GET /media/tickets/1/captura1.pdf HTTP/1.1" 200 371727
[17/Jun/2025 13:30:59] INFO [django.server:213] "GET /followup/edit/1/ HTTP/1.1" 200 5001
[17/Jun/2025 13:31:01] INFO [django.server:213] "POST /followup/edit/1/ HTTP/1.1" 302 0
[17/Jun/2025 13:31:01] INFO [django.server:213] "GET /inbox/ HTTP/1.1" 200 4565
[17/Jun/2025 13:31:03] INFO [django.server:213] "GET /all-tickets/ HTTP/1.1" 200 5056
[17/Jun/2025 13:31:04] INFO [django.server:213] "GET /archive/ HTTP/1.1" 200 4560
[17/Jun/2025 13:31:05] INFO [django.server:213] "GET /all-tickets/ HTTP/1.1" 200 5056
[17/Jun/2025 13:31:08] INFO [django.server:213] "POST /accounts/logout/ HTTP/1.1" 200 3488
[17/Jun/2025 13:31:14] INFO [django.server:213] "GET /inbox/ HTTP/1.1" 302 0
[17/Jun/2025 13:31:14] INFO [django.server:213] "GET /?next=/inbox/ HTTP/1.1" 200 4766
[17/Jun/2025 13:31:19] INFO [django.server:213] "POST /accounts/login/ HTTP/1.1" 302 0
[17/Jun/2025 13:31:19] INFO [django.server:213] "GET /inbox/ HTTP/1.1" 200 4565
[17/Jun/2025 13:31:21] INFO [django.server:213] "GET /my-tickets/ HTTP/1.1" 200 5064
[17/Jun/2025 13:31:28] INFO [django.server:213] "GET /ticket/1/ HTTP/1.1" 200 6839
[17/Jun/2025 13:31:45] INFO [django.server:213] "GET /followup/edit/1/ HTTP/1.1" 200 5001
[17/Jun/2025 13:31:47] INFO [django.server:213] "POST /followup/edit/1/ HTTP/1.1" 302 0
[17/Jun/2025 13:31:47] INFO [django.server:213] "GET /inbox/ HTTP/1.1" 200 4565
[17/Jun/2025 13:31:48] INFO [django.server:213] "GET /archive/ HTTP/1.1" 200 4560
[17/Jun/2025 13:31:49] INFO [django.server:213] "GET /all-tickets/ HTTP/1.1" 200 5056
[17/Jun/2025 13:31:50] INFO [django.server:213] "GET /archive/ HTTP/1.1" 200 4560
[17/Jun/2025 13:31:50] INFO [django.server:213] "GET /all-tickets/ HTTP/1.1" 200 5056
[17/Jun/2025 13:31:51] INFO [django.server:213] "GET /ticket/1/ HTTP/1.1" 200 6839
[17/Jun/2025 13:31:55] INFO [django.server:213] "GET /ticket/edit/1/ HTTP/1.1" 200 5878
[17/Jun/2025 13:31:57] INFO [django.server:213] "POST /ticket/edit/1/ HTTP/1.1" 302 0
[17/Jun/2025 13:31:57] INFO [django.server:213] "GET /inbox/ HTTP/1.1" 200 4565
[17/Jun/2025 13:31:59] INFO [django.server:213] "GET /all-tickets/ HTTP/1.1" 200 5055
[17/Jun/2025 13:32:02] INFO [django.server:213] "GET /ticket/1/ HTTP/1.1" 200 6838
[17/Jun/2025 13:32:07] INFO [django.server:213] "GET /ticket/edit/1/ HTTP/1.1" 200 5878
[17/Jun/2025 13:32:10] INFO [django.server:213] "POST /ticket/edit/1/ HTTP/1.1" 302 0
[17/Jun/2025 13:32:10] INFO [django.server:213] "GET /inbox/ HTTP/1.1" 200 4565
[17/Jun/2025 13:32:11] INFO [django.server:213] "GET /all-tickets/ HTTP/1.1" 200 4612
[17/Jun/2025 13:32:12] INFO [django.server:213] "GET /my-tickets/ HTTP/1.1" 200 4605
[17/Jun/2025 13:32:12] INFO [django.server:213] "GET /inbox/ HTTP/1.1" 200 4565
[17/Jun/2025 13:32:12] INFO [django.server:213] "GET /archive/ HTTP/1.1" 200 4870
